<?xml version="1.0" encoding="UTF-8"?>
<!-- Generated by org.testng.reporters.JUnitReportReporter -->
<testsuite hostname="CSCO-W-PF409BSF" failures="0" tests="1" name="com.test.Testng" time="0.005" errors="0" timestamp="16 Jan 2023 10:54:54 GMT">
  <testcase classname="com.test.Testng" name="Test1" time="0.005"/>
</testsuite> <!-- com.test.Testng -->
